READER_04 WAIT_READ 493569312
READER_04 READ PAGE_1 493570111
READER_04 READ_CONTENT PAGE_1 "hello"
READER_04 RELEASE 493570130
READER_04 WAIT_READ 493570131
READER_04 READ PAGE_2 493570131
READER_04 READ_CONTENT PAGE_2 "hello_fro"
READER_04 RELEASE 493570160
READER_04 WAIT_READ 493570160
READER_04 READ PAGE_2 493570160
READER_04 READ_CONTENT PAGE_2 "hello_fro"
READER_04 RELEASE 493570176
READER_04 WAIT_READ 493570176
READER_04 READ PAGE_0 493570176
READER_04 READ_CONTENT PAGE_0 "hello_fro"
READER_04 RELEASE 493570196
READER_04 WAIT_READ 493570196
READER_04 READ PAGE_7 493571016
READER_04 READ_CONTENT PAGE_7 "hello_fro"
READER_04 RELEASE 493571031
